<?xml version="1.0" encoding="UTF-8" ?>
<testsuites>
  <testsuite errors="0" failures="0" hostname="ADMINIB-996OLM0" id="0" name="Test_FirstSuiteRunner" package="testCase" skipped="0" tests="1" time="85.746" timestamp="2015-10-16T06:12:57">
      <properties>
[...]
</properties>

      <testcase classname="testCase.TestJKETransaction" name="testJKETransaction" time="85.605" />

      <system-out><![CDATA[used idusernameBox
java.io.FileInputStream@fffeae2f
java.io.FileInputStream@fffd73e7
Url ishttp://10.66.232.185:8085/jke
Login User idusernameBox
java.io.FileInputStream@fffd08f9
useridjbrown
java.io.FileInputStream@fffd9db4
Fri Oct 16 11:44:16 IST 2015
Fri Oct 16 11-44-16 IST 2015
Fri Oct 16 11:44:19 IST 2015
Fri Oct 16 11-44-19 IST 2015
]]></system-out>

      <system-err><![CDATA[log4j:WARN No appenders could be found for logger (org.apache.http.client.protocol.RequestAddCookies).
log4j:WARN Please initialize the log4j system properly.
log4j:WARN See http://logging.apache.org/log4j/1.2/faq.html#noconfig for more info.
]]></system-err>

  </testsuite>
</testsuites>
